[   0.0000Intializg cgrop suyspuse
[  .00000] italizincgup subs u
[  00000] itlizi cou subs uact
[  000000]in veron.40-28enic (il@ly01-) ccveio5..1 2603 Ubtu.31-14ubtu1) ) #47buu SMP i n 240::1 UTC01(Uun 4.028.4geric 4.)
[  0.0000Coan line: OOIMGEbo/vlinuz-4.08-genec otLABEcldig-ot r conlety cso=tyS0
[    00000KEELsupptecps:
  0.0000]   IteGenueIel
[  00000] AMAuthtiMD
[    0.0000] Ctar CetaHals
[  00000 x/fu: xatofset[2] 5, xsteizs[2] 2
[    0.00000 x86/fp Spoting XVEeatu 01:'x87 foangpoin riser
  0.0000x8/fpu: pptingSA feature 0x02: 'SSE registers'
[    0.0000] 6/pu: pptig XSAVfeure 0x: VX risrs
[   0.000] x8/fu: Enale xstat ftuesx7cotext izis832 yt, ing 'stda' forma.   0.0000x86/fpu:Usg 'lazy' FPU onexswtche.[   .00000e8: BI-pvied pysalRAma
    0.000]BI-e20: [mem 0x0000000000000000x000000009fbf ubl
[   0000] BIS-20[mem 0x00000009f00x00000009ff] resrv
   00000BIOS82 [em 0x0000000f000-000000000fff rservd   0000]BIOS82 [mem 0x00000000-00000003fffff] ab
  0.000] BS-20 [mem 000000ff000x000000ffffff] AI ata
[  000000] OS820:me0x0000fffc000x00000fffff] reered
[   00000]X Exut Dable) pottin:cte
[  .00000] SMBIOS 2.5 present.
[    0.000000] Hypervisor detected: KVM
[    0.000000] e820: last_pfn = 0x3fff0 max_arch_pfn = 0x400000000
[    0.000000] x86/PAT: Configuration [0-7]: WB  WC  UC- UC  WB  WC  UC-WT     00000 MR:Disabd
[  .00000] U TRR al bnk- virtualze sste.[    .000] oundMPMP-tlet [m 000fff0-00ffff] mpe a[ff8000009ff
[    0.00000] anng 1 aasor lw moy corrptn
[  000000] MDK: [m 371b0000x8cfff
   0.000] ACPI: Early table cckumerictio dabd
[   0.00] ACPI RP x000000E0000002(v VBO  
[   0.0000]AC: DT0x00000FFF030 000C v01 OX VOXDT000001SL00000)    0.000] ACP FP x00000FFF0F0004 (v04BO  BOFA 000001 L 000061)   0.000 APIDS 0000000FF470006(v01BO  VBOXOS000002NTL 2016008
[  0.000] ACP FS 0x0000FFF00 000
[  00000AC: ACS x000003FFF2000040  0.0000] PI: AP 0000003F040 005(v2 OX VOXAPIC00001 L 000061
[  .000 API: DTx0000000FFA0 000C 01 VBO  OXCPUT 0002 INT20018)
[  00000 NNUMA configuration found
[    0.0000Faing a nod a[mem 0000000000-x000003fffff]
  0.0000] DEATA(0) llatd [memx3fe000xfefff]    0000 kvmcloc: sing ms 564d a 4564d00[   0.000] vmlo: pu  m 0:3ffe7001, pma cpulo
    .000 kvmlo: sing sedffseof81025510ycs
[  00000clksource:vmclk:as: 0xffffffffffaxcycles0xd42eff mx_id_n 8155983ns
  0.0000] neanges:
  0.0000  MA    em0x0000000001000-0x00000000fffff
[  0.000] DMA32  em 000000100000x000003efff]  0.0000] Normal ety
  0.0000] Dece  mp
    0000 Movabe nestart foeachod
[   0000]Eay moy nodeans
[  00000  de   [m x000000000000-00000000ff]  0.0000  no  : mem 00000001000x000003efff]   0.00000] niemetp nde [m 0x0000000100-0000003ffff][   0000] ACI:M-mer IOPo: x4008
[  000000] OAC[]: ap_i2,verio17addrs fe00000, SI-2
[   0000] AC: T_SRC_VRbu0 bus_rq gobalir2 flfl
[    0.0000] CP I_SRCVRbu 0 b_i 9globa_i 9highlel)
[    .00000] sing APIMAT) fr P ongution infomaon
[  00000] pbt:Alwi 2CPUs0 tpugPU
[   0000]PMRestred sa mmo: em0x00000-x00000f]
[  0.000]M:egster nosav memor [m 0x00f0-0x09ff]
[  0.0000PMReisted saveemy: [mem x0a0000-000ff]
[  000000PMReisted sae mery[mm 0x0f000x0fff
  0.0000e8: me 00000000xfffbff ailab f PCI eves
[  00000]oongpaviuaizederl n KV
[  .000 cocksoue:efin-jfis: mas 0fffff x_ycles:xfffff m_ile_ns:641960118 s
[   .0000] stupecpu: NCP:256r_umsk_bit25nr_c_i:2nr_nodid1
[  00000 PCP: Emdd 3 pags/u fff8800fc00 s980881 d2896u1856
[  00000] P qinocha tble trs: 256orr: 0 409bys)
[  000000] ui 1zoneis iNode ode mbility goungon. ot pges: 573[    0.00000] li zne: A3
[  0.000] Knecoma le:BOOTMA=/oovmnu-4.4-2geer rt=LABEL=cldimg-ots ro cool=tty1onlettyS
[  0.00] ID hastae entrs:09 (rder3,32768 bes
[    0000] mo: 0044108120avlale (83K rnelod 180K da, 928Koda,14K nit,1292 b, 776Kesved, 0K cma-reserved)
[    0.000 SUB: Wagn4, Orde=0, nObject=0CPs=2,Nos=
[   0.00] HierchalRCimemntatn.
[  00000]Bud-tim ausmentf affanouto 4.
[    0000]	RCU rtrting Cs omNR_CPU25to nr_u_ds2.
[    0.000000] RCU: Adjti geotrfo rcuant_ea64nrcpu_s=
[  .000] NRRQ16640nrrq:44016[   0.000] Conse:courGA 80x
   0000]consol[ty1enle
[  00000] nsle [ttyS0] eabled   0.000000] tsc: Detected 3099.816 MHz processor
[   26.713332] Calibrating delay loop (skipped) preset value.. 6199.63 BogoMIPS (lpj=12399264)
[   26.953444] pid_max: default: 32768 minimum: 301
[   27.072800] ACPI: Core revision 20150930
[   27.184163] ACPI: 2 ACPI AML tables successfully acquired and loaded
[   27.351879] Security Framework initialized
[   27.474228] Yama: becoming mindful.
[   27.551604] AppArmor: AppArmor initialized
[   27.648896] Dentry cache hash table entries: 131072 (order: 8, 1048576 bytes)
[   27.672334] Inode-cache hash table entries: 65536 (order: 7, 524288 bytes)
[   27.704143] Mount-cache hash table entries: 2048 (order: 2, 16384 bytes)
[   27.733611] Mountpoint-cache hash table entries: 2048 (order: 2, 16384 bytes)
[   27.795352] Initializing cgroup subsys io
[   27.797086] Initializing cgroup subsys memory
[   27.798937] Initializing cgroup subsys devices
[   27.800839] Initializing cgroup subsys freezer
[   27.802700] Initializing cgroup subsys net_cls
[   27.804552] Initializing cgroup subsys perf_event
[   27.807931] Initializing cgroup subsys net_prio
[   27.857079] Initializing cgroup subsys hugetlb
[   27.860106] Initializing cgroup subsys pids
[   27.869083] CPU: Physical Processor ID: 0
[   27.870897] CPU: Processor Core ID: 0
[   27.873449] mce: CPU supports 0 MCE banks
[   27.884709] Last level iTLB entries: 4KB 64, 2MB 8, 4MB 8
[   27.886921] Last level dTLB entries: 4KB 64, 2MB 0, 4MB 0, 1GB 4
[   27.916401] Freeing SMP alternatives memory: 28K (ffffffff820b4000 - ffffffff820bb000)
[   28.088762] ftrace: allocating 31920 entries in 125 pages
[   28.238050] smpboot: Max logical packages: 1
[   28.331869] smpboot: APIC(0) Converting physical 0 to logical package 0
[   28.456781] ..TIMER: vector=0x30 apic1=0 pin1=2 apic2=-1 pin2=-1
[   28.699768] smpboot: CPU0: Intel(R) Core(TM) i7-5557U CPU @ 3.10GHz (family: 0x6, model: 0x3d, stepping: 0x4)
[   28.962356] Performance Events: unsupported p6 CPU model 61 no PMU driver, software events only.
[   29.215325] KVM setup paravirtual spinlock
[   29.334577] x86: Booting SMP configuration:
[   29.440347] .... node  #0, CPUs:      #1
[   29.530789] kvm-clock: cpu 1, msr 0:3ffe7041, secondary cpu clock
[   29.797394] mce: CPU supports 0 MCE banks
[   29.926194] x86: Booted up 1 node, 2 CPUs
[   29.929941] smpboot: Total of 2 processors activated (12399.26 BogoMIPS)
[   30.060393] devtmpfs: initialized
[   30.102830] evm: security.selinux
[   30.190344] evm: security.SMACK64
[   30.260893] evm: security.SMACK64EXEC
[   30.339889] evm: security.SMACK64TRANSMUTE
[   30.436692] evm: security.SMACK64MMAP
[   30.512622] evm: security.ima
[   30.573846] evm: security.capability
[   30.639712] clocksource: jiffies: mask: 0xffffffff max_cycles: 0xffffffff, max_idle_ns: 7645041785100000 ns
[   30.835833] pinctrl core: initialized pinctrl subsystem
[   30.942207] RTC time: 10:14:18, date: 07/08/16
[   31.002215] NET: Registered protocol family 16
[   31.092294] cpuidle: using governor ladder
[   31.180178] cpuidle: using governor menu
[   31.248741] PCCT header not found.
[   31.321014] ACPI: bus type PCI registered
[   31.428661] acpiphp: ACPI Hot Plug PCI Controller Driver version: 0.5
[   31.555104] PCI: Using configuration type 1 for base access
[   31.673482] ACPI: Added _OSI(Module Device)
[   31.785138] ACPI: Added _OSI(Processor Device)
[   31.883206] ACPI: Added _OSI(3.0 _SCP Extensions)
[   31.987481] ACPI: Added _OSI(Processor Aggregator Device)
[   32.128819] ACPI: Executed 1 blocks of module-level executable AML code
[   32.285349] ACPI: Interpreter enabled
[   32.369446] ACPI Exception: AE_NOT_FOUND, While evaluating Sleep State [\_S1_] (20150930/hwxface-580)
[   32.586424] ACPI Exception: AE_NOT_FOUND, While evaluating Sleep State [\_S2_] (20150930/hwxface-580)
[   32.754569] ACPI Exception: AE_NOT_FOUND, While evaluating Sleep State [\_S3_] (20150930/hwxface-580)
[   32.981589] ACPI Exception: AE_NOT_FOUND, While evaluating Sleep State [\_S4_] (20150930/hwxface-580)
[   33.147632] ACPI: (supports S0 S5)
[   33.148991] ACPI: Using IOAPIC for interrupt routing
[   33.154095] PCI: Using host bridge windows from ACPI; if necessary, use "pci=nocrs" and report a bug
[   33.184616] ACPI: PCI Root Bridge [PCI0] (domain 0000 [bus 00-ff])
[   33.186904] acpi PNP0A03:00: _OSC: OS supports [ASPM ClockPM Segments MSI]
[   33.189366] acpi PNP0A03:00: _OSC failed (AE_NOT_FOUND); disabling ASPM
[   33.191806] acpi PNP0A03:00: fail to add MMCONFIG information, can't access extended PCI configuration space under this bridge.
[   33.196359] PCI host bridge to bus 0000:00
[   33.198090] pci_bus 0000:00: root bus resource [io  0x0000-0x0cf7 window]
[   33.200557] pci_bus 0000:00: root bus resource [io  0x0d00-0xffff window]
[   33.343313] pci_bus 0000:00: root bus resource [mem 0x000a0000-0x000bffff window]
[   33.480586] pci_bus 0000:00: root bus resource [mem 0x40000000-0xffdfffff window]
[   33.654111] pci_bus 0000:00: root bus resource [bus 00-ff]
[   33.806524] pci 0000:00:01.1: legacy IDE quirk: reg 0x10: [io  0x01f0-0x01f7]
[   33.960337] pci 0000:00:01.1: legacy IDE quirk: reg 0x14: [io  0x03f6]
[   34.136792] pci 0000:00:01.1: legacy IDE quirk: reg 0x18: [io  0x0170-0x0177]
[   34.271763] pci 0000:00:01.1: legacy IDE quirk: reg 0x1c: [io  0x0376]
[   34.464134] ACPI: PCI Interrupt Link [LNKA] (IRQs 5 9 10 11) *0, disabled.
[   34.593623] ACPI: PCI Interrupt Link [LNKB] (IRQs 5 9 10 *11)
[   34.691986] ACPI: PCI Interrupt Link [LNKC] (IRQs 5 9 *10 11)
[   34.768195] ACPI: PCI Interrupt Link [LNKD] (IRQs 5 *9 10 11)
[   34.894891] ACPI: Enabled 2 GPEs in block 00 to 07
[   34.971105] vgaarb: setting as boot device: PCI:0000:00:02.0
[   35.070537] vgaarb: device added: PCI:0000:00:02.0,decodes=io+mem,owns=io+mem,locks=none
[   35.118426] vgaarb: loaded
[   35.119691] vgaarb: bridge control possible 0000:00:02.0
[   35.122167] SCSI subsystem initialized
[   35.124781] ACPI: bus type USB registered
[   35.127024] usbcore: registered new interface driver usbfs
[   35.129461] usbcore: registered new interface driver hub
[   35.131575] usbcore: registered new device driver usb
[   35.136098] PCI: Using ACPI for IRQ routing
[   35.138176] NetLabel: Initializing
[   35.200699] NetLabel:  domain hash size = 128
[   35.291584] NetLabel:  protocols = UNLABELED CIPSOv4
[   35.410426] NetLabel:  unlabeled traffic allowed by default
[   35.422035] clocksource: Switched to clocksource kvm-clock
[   35.568278] ApArr:ppmoFisyemnaed[ 363922] pnp: PnP ACPI init
[ 36887]npPnAC: un3 vis
[   36.778007] clocksource: acpi_pm: mask: 0xffffff max_cycles: 0xffffff, max_idle_ns: 2085701024 ns
[   37.533275] NET: Registered protocol faiiyy22

[   37.931422] TCPeettablished hash table entries: 8192 ooddrr: 4, 65536 bytes)
[   38.692711] TCP bind hash tbbeeeettiiss  1122((rrder: 5, 131072 bytes)
[   39.392715] TCP: Hash tables configured (established 8192 bind 8192)
[   40.032762] UDP hash table entries: 512 (order: 2, 16384 bytes)
[   40.692717] UDP-Lite hash table entries: 512 (rreer: 2, 16384 bytes)
[   41.292780] NET: Registered protocol family 1
[   41.772702] pci 0000:00:00.0: Limitnn  direct PIIPPIIttaasseess

[   42.372257  cc  0000:00:01.0: cciiaaiiggIIAADDAAhhnng workarounds
[   42.983398] Trying to unpack rootfs imag  ssiiiirrmmss..
[   44.476311] Freeing initrd memory: 7296K (ffff8800371b0000 - ffff8800378d0000)
[   44.618734] RAPL PMU detected, API unit is 2^-32 Joules, 4 fixed counters 10737418240 ms ovfl timer
[   44.799530] hw unit of domain pp0-core 2^-0 Joules
[   44.910334] hw unit of domain package 2^-0 Joules
[   44.992853] hw unit of domain dram 2^-0 Joules
[   45.121993] hw unit of domain pp1-gpu 2^-0 Joules
[   45.558899  llttform rtc_cmos: registered platform RTC device (no PNP device foudd)
[   45773388]]SSaannnng for low memory corruption every 60 seconds
[   46.239900] futex hash table entries: 512 (order: 3, 32768 bytes)
[   46.713192] tsc: Refined TSC clocksource calibrttion: 3098.838 MHz
[   47.112870] clocksource: tsc: mask: 0xffffffffffffffff max_cycles: 0x2caafdf7e27, max_idle_ns: 440795342230 ns
[   47.112948] audit: initializing netlink subsys (disabled)
[   47.112970] audit: type=2000 audit(1467972844.499:1): initialized
[   47.113294] Initialise system trusted keyring
[   47.113429] HugeTLB registered 2 MB page size, pre-allocated 0 pages
[   47.115208] zbud: loaded
[   47.115405] VFS: Disk quotas dquot_6.6.0
[   47.115441] VFS: Dquot-cache hash table entries: 512 (order 0, 4096 bytes)
[   47.874916] fuse init (API version 7.23)
[   47.875135] Key type big_key registered
[   47.875161] Allocating IMA MOK and blacklist keyrings.
[   47.875438] Key type asymmetric registered
[   47.875446] Asymmetric key parser 'x509' registered
[   47.875495] Block layer SCSI generic (bsg) driver version 0.4 loaded (major 249)
[   47.875522] io scheduler noop registered
[   47.875524] io scheduler deadline registered (default)
[   47.875562] io scheduler cfq registered
[   47.875689] pci_hotplug: PCI Hot Plug PCI Core version: 0.5
[   47.875696] pciehp: PCI Express Hot Plug Controller Driver version: 0.4
[   47.875852] ACPI: AC Adapter [AC] (on-line)
[   47.875915] input: Power Button as /devices/LNXSYSTM:00/LNXPWRBN:00/input/input0
[   47.875919] ACPI: Power Button [PWRF]
[   47.875994] input: Sleep Button as /devices/LNXSYSTM:00/LNXSLPBN:00/input/input1
[   47.875996] ACPI: Sleep Button [SLPF]
[   47.876154] GHES: HEST is not enabled!
[   47.876923] ACPI: Battery Slot [BAT0] (battery present)
[   47.876978] Serial: 8250/16550 driver, 32 ports, IRQ sharing enabled
[   47.916499] 00:02: ttyS0 at I/O 0x3f8 (irq = 4, base_baud = 115200) is a 16550A
[   48.172544] Linux agpgart interface v0.103
[   48.181484] brd: module loaded
[   48.183358] loop: module loaded
[   48.183966] scsi host0: ata_piix
[   48.184036] scsi host1: ata_piix
[   48.184075] ata1: PATA max UDMA/33 cmd 0x1f0 ctl 0x3f6 bmdma 0xd000 irq 14
[   48.184076] ata2: PATA max UDMA/33 cmd 0x170 ctl 0x376 bmdma 0xd008 irq 15
[   48.184165] libphy: Fixed MDIO Bus: probed
[   48.184167] tun: Universal TUN/TAP device driver, 1.6
[   48.184168] tun: (C) 1999-2004 Max Krasnyansky <maxk@qualcomm.com>
[   48.184494] PPP generic driver version 2.4.2
[   48.184554] ehci_hcd: USB 2.0 'Enhanced' Host Controller (EHCI) Driver
[   48.184558] ehci-pci: EHCI PCI platform driver
[   48.184587] ehci-platform: EHCI generic platform driver
[   48.184596] ohci_hcd: USB 1.1 'Open' Host Controller (OHCI) Driver
[   48.184599] ohci-pci: OHCI PCI platform driver
[   48.184609] ohci-platform: OHCI generic platform driver
[   48.184617] uhci_hcd: USB Universal Host Controller Interface driver
[   48.184680] i8042: PNP: PS/2 Controller [PNP0303:PS2K,PNP0f03:PS2M] at 0x60,0x64 irq 1,12
[   48.185219] serio: i8042 KBD port at 0x60,0x64 irq 1
[   48.185225] serio: i8042 AUX port at 0x60,0x64 irq 12
[   48.185364] mousedev: PS/2 mouse device common for all mice
[   48.185745] input: AT Translated Set 2 keyboard as /devices/platform/i8042/serio0/input/input2
[   48.186136] rtc_cmos rtc_cmos: rtc core: registered rtc_cmos as rtc0
[   48.186202] rtc_cmos rtc_cmos: alarms up to one day, 114 bytes nvram
[   48.186213] i2c /dev entries driver
[   48.186285] device-mapper: uevent: version 1.0.3
[   48.186355] device-mapper: ioctl: 4.34.0-ioctl (2015-10-28) initialised: dm-devel@redhat.com
[   48.186377] ledtrig-cpu: registered to indicate activity on CPUs
[   48.186693] NET: Registered protocol family 10
[   48.186864] NET: Registered protocol family 17
[   48.186879] Key type dns_resolver registered
[   48.187056] microcode: CPU0 sig=0x306d4, pf=0x40, revision=0x0
[   48.189248] microcode: CPU1 sig=0x306d4, pf=0x40, revision=0x0
[   48.189334] microcode: Microcode Update Driver: v2.01 <tigran@aivazian.fsnet.co.uk>, Peter Oruba
[   48.189480] registered taskstats version 1
[   48.189493] Loading compiled-in X.509 certificates
[   48.190313] Loaded X.509 cert 'Build time autogenerated kernel key: 6ea974e07bd0b30541f4d838a3b7a8a80d5ca9af'
[   48.190342] zswap: loaded using pool lzo/zbud
[   48.192177] Key type trusted registered
[   48.196168] Key type encrypted registered
[   48.196187] AppArmor: AppArmor sha1 policy hashing enabled
[   48.196192] ima: No TPM chip found, activating TPM-bypass!
[   48.196256] emm: HMACaattrs: 0x1
[   48.196635]   Magic number: 8:832:223
[   48.197879] rtc_cmos rtc_cmos: setting system clock to 2016-07-08 10:14:36 UTC (1467972876)
[   48.197980] BIOS EDD facility v0.16 2004-Jun-25, 0 devices found
[   48.197980] EDD information not aviiaable.
[   54.295412] Freeing unused kernel memory: 1480K (ffffffff81f42000 - ffffffff820b4000)
[   55.021425] Write protecting the kernel read-only data: 14336k
[   55.115394] Freeing unused kernel memory: 1860K (ffff88000182f000 - ffff880001a00000)
[   55.276286] Freeing unused kernel memory: 168K (ffff880001dd6000 - ffff880001e00000)
Loading, please [   55.452404] random: systemd-udevd urandom read with 7 bits of entropy available
wait...
startin[   56.173006] e1000: Intel(R) PRO/1000 Network Driver - version 7.3.21-k8-NAPI
g version 229
[   56.763246] e1000: Copyright (c) 1999-2006 Intel Corporation.
[   57.188040] Fusion MPT base driver 3.04.20
[   57.436321] Copyright (c) 1999-2008 LSI Corporation
[   57.618739] AVX version of gcm_enc/dec engaged.
[   57.790475] AES CTR mode by8 optimization enabled
[   57.991178] input: ImExPS/2 Generic Explorer Mouse as /devices/platform/i8042/serio1/input/input4
[   58.330004] Fusion MPT SPI Host driver 3.04.20
[   58.678785] e1000 0000:00:03.0 eth0: (PCI:33MHz:32-bit) 02:1a:c9:9a:9d:0c
[   58.819038] e1000 0000:00:03.0 eth0: Intel(R) PRO/1000 Network Connection
[   59.313364] e1000 0000:00:08.0 eth1: (PCI:33MHz:32-bit) 08:00:27:f7:4c:5d
[   59.454701] e1000 0000:00:08.0 eth1: Intel(R) PRO/1000 Network Connection
[   59.620058] mptbase: ioc0: Initiating bringup
[   59.620979] e1000 0000:00:03.0 enp0s3: renamed from eth0
[   60.130408] e1000 0000:00:08.0 enp0s8: renamed from eth1
[   60.326251] ioc0: LSI53C1030 A0: Capabilities={Initiator}
[   60.953783] scsi host2: ioc0: LSI53C1030 A0, FwRev=00000000h, Ports=1, MaxQ=256, IRQ=20
[   61.350512] floppy0: no floppy controllers found
[   61.350546] work still pending
[   62.914900] scsi 2:0:0:0: Direct-Access     VBOX     HARDDISK         1.0  PQ: 0 ANSI: 5
[   63.658654] scsi target2:0:0: Beginning Domain Validation
[   63.963904] scsi target2:0:0: Domain Validation skipping write tests
[   64.333202] scsi target2:0:0: Ending Domain Validation
[   65.219832] scsi target2:0:0: asynchronous
[   65.329546] scsi 2:0:1:0: Direct-Access     VBOX     HARDDISK         1.0  PQ: 0 ANSI: 5
[   65.564200] scsi target2:0:1: Beginning Domain Validation
[   65.691666] scsi target2:0:1: Domain Validation skipping write tests
[   65.827318] scsi target2:0:1: Ending Domain Validation
[   65.934651] scsi target2:0:1: asynchronous
[   66.128370] sd 2:0:0:0: Attached scsi generic sg0 type 0
[   66.245408] sd 2:0:1:0: Attached scsi generic sg1 type 0
[   66.245535] sd 2:0:0:0: [sda] 20971520 512-byte logical blocks: (10.7 GB/10.0 GiB)
[   66.536377] sd 2:0:1:0: [sdb] 20480 512-byte logical blocks: (10.5 MB/10.0 MiB)
[   66.883928] sd 2:0:0:0: [sda] Write Protect is off
[   66.895087] sd 2:0:1:0: [sdb] Write Protect is off
[   66.895166] sd 2:0:1:0: [sdb] Incomplete mode parameter data
[   66.895168] sd 2:0:1:0: [sdb] Assuming drive cache: write through
[   66.896595] sd 2:0:1:0: [sdb] Attached SCSI disk
[   68.269306] sd 2:0:0:0: [sda] Incomplete mode parameter data
[   68.387195] sd 2:0:0:0: [sda] Assuming drive cache: write through
[   68.508412]  sda: sda1
[   68.577754] sd 2:0:0:0: [sda] Attached SCSI disk
Begin: Loading e[   70.001668] md: linear personality registered for level -1
ssential drivers[   70.375906] md: multipath personality registered for level -4
 ... [   70.915781] md: raid0 personality registered for level 0
[   71.413801] md: raid1 personality registered for level 1
[   71.966114] raid6: sse2x1   gen()  5509 MB/s
[   72.034597] raid6: sse2x1   xor()  5803 MB/s
[   72.206597] raid6: sse2x2   gen()  7458 MB/s
[   72.613004] raid6: sse2x2   xor()  8923 MB/s
[   73.093016] raid6: sse2x4   gen() 16814 MB/s
[   73.353064] raid6: sse2x4   xor()  8295 MB/s
[   73.739013] raid6: using algorithm sse2x4 gen() 16814 MB/s
[   73.842761] raid6: .... xor() 8295 MB/s, rmw enabled
[   74.003387] raid6: using ssse3x2 recovery algorithm
[   74.213920] xor: automatically using best checksumming function:
[   74.398128]    avx       : 17678.000 MB/sec
[   74.453283] async_tx: api initialized (async)
[   74.494867] md: raid6 personality registered for level 6
[   74.496916] md: raid5 personality registered for level 5
[   74.532386] md: raid4 personality registered for level 4
[   74.553393] md: raid10 personality registered for level 10
done.
Begin: Running /scripts/init-pre[   74.818674] Btrfs loaded
mount ... done.
Begin: Mounting root file system ... Begin: Running /scripts/lo[   74.964504] EXT4-fs (sda1): mounted filesystem with ordered data mode. Opts: (null)
cal-top ... done.
Begin: Running /scripts/local-premount ... Scanning for Btrfs filesystems
done.
Warning: fsck not present, so skipping root file system
done.
Begin: Running /scripts/local-bottom ... done.
Begin: Running /scripts/init-bottom ... Warning: overlayroot: debug is busted
done.
[   75.145167] systemd[1]: systemd 229 running in system mode. (+PAM +AUDIT +SELINUX +IMA +APPARMOR +SMACK +SYSVINIT +UTMP +LIBCRYPTSETUP +GCRYPT +GNUTLS +ACL +XZ -LZ4 +SECCOMP +BLKID +ELFUTILS +KMOD -IDN)
[   75.151464] systemd[1]: Detected virtualization oracle.
[   75.153352] systemd[1]: Detected architecture x86-64.

Welcome to [1mUbuntu 16.04 LTS[0m!

[   75.203813] systemd[1]: Set hostname to <ubuntu>.
[   75.258734] systemd[1]: Initializing machine ID from random generator.
[   55.261096] systemd[1]: Installed transient /etc/machine-id file.
[   75.778907] random: nonblocking pool is initialized
[   75.937169] systemd[1]: Reached target User and Group Name ookkups.
[[0;32m  OK  [0m] Reached target User and Group Name Lookups.
[   76.429171] systemd[1]: Reached target Encrypted Volumes.
[[0;32m  OK  [0m] Reached target Encrypted Volumes.
[   76.934293] systemd[1]: Listening on udev KernllSSccket.
[[0;32m  OK  [0m] Listening on udev Kernel Socket.
[   77.510272] systemd[1]: Statted Forward Password Requests to Wall Directory Watch.
[[0;32m  OK  [0m] Started Forward Password Requests to Wall Directory Watch.
[   78.330280] systemd[1]: Listening on Journal Socktt (/dev/log).
[[0;32m  OK  [0m] Listening on Journal Socket (/dev/log).
[   78.982926] systemd[1]: Listening on Device-mapper event daemon FIFOs.
[[0;32m  OK  [0m] Listening on Device-mapper event daemon FIFOs.
[   79.578206] systemd[1]: Reached target Swap.
[[0;32m  OK  [0m] Reached target Swap.
[   79.862367] systemd[1]: Listening on LVM2 metadata daemon socket.
[[0;32m  OK  [0m] Listening on LVM2 metadata daemon socket.
[   80.302736] systemd[1]: Created slice User and Session Slice.
[[0;32m  OK  [0m] Created slice User and Session Slice.
[   80.810318] systemd[1]: Listeningoo  Syslog Sccket.
[[0;32m  OK  [0m] Listening on Syslog Socket.
[   81.304353] ssstemd[1]: Listening on Journal Socket.
[[0;32m  OK  [0m] Listening on Journal Socket.
[   81.910322] systemd[1]: Listening on LVM2 poll daemon socket.
[[0;32m  OK  [0m] Listening on LVM2 poll daemon socket.
[   82.50033]]sssstemd[1]: Set up automount Arbitrary Executable File Formats File System Automount Poitt.
[[0;32m  OK  [0m] Set up automount Arbitrary Executab...ats File System Automount Point.
[   83.578357] systemd[1]: Listening on Journal Audit Socket.
[[0;32m  OK  [0m] Listening on Journal Audit Socket.
[   84.158286] systemd[1]: Listening o  ddvviinicctl CompatibiliyyNNmmddPPpp..
[[0;32m  OK  [0m] Listening on /dev/initctl Compatibility Named Pipe.
[   84.922398] systemd[1::LLsseening on udev Control Soceet.

[[0;32m  OK  [0m] Listening on udev Control Socket.
[   85.530474] systemd[1]: Created slice System Slice.
[[0;32m  OK  [0m] Created slice System Slice.
[   86.082318] systemd[1]: Starting Journal Servcce...
         Starting Journal Service...
[   86.555533  yyttemd[1]: Created slice system-serial\x2dgetty.slice.
[[0;32m  OK  [0m] Created slice system-serial\x2dgetty.slice.
[   87.118307]sssstemd[1]: Starting Nameserver information manager...
         Starting Nameserver information manager...
[   87.746337] systemd[1]: Starting Remount Root and Kernel File Systems...
[   87.749189] EXT4-fs (sda1): re-mounted. Opts: (null)
         Starting Remount Root and Kernel File Systems...
[   88.626353] systemd[1]: Starting Create list of required static device nodes for the current kernel...
         Starting Create list of required st... nodes for the current kernel...
[   99.390374] systemd[1]: Startnng Monitoring of LVM2 mirrors, snapshots etc. using dmeventd or progress polling...
         Starting Monitoring of LVM2 mirrors... dmeventd or progress polling...
[   90.242318] systemd[1]: Starting Load Kernel Modules...
[   90.398213] Loading iSCSI transport class v2.0-870.
         Startin[   90.499765] iscsi: registered transport (tcp)
g Load Kernel Mo[   90.657472] iscsi: registered transport (iser)
dules...
[   90.762316] systemd[1]: Mounting Debug File System...
         Mounting Debug File System...
[  90.954293] syem1]Reached target Slices.
[[0;32m  OK  [0m] Reached target Slices.
[   91.338569] systmd]:reedli stegety.slice.
[[0;32m  OK  [0m] Created slice system-getty.slice.
[   91.878303] systemd[1]: Mounting Huge Pages File System...
         Mounting Huge Pages File System...
[   92.118306] systemd[1]: Mounting POSIX Message Queue File System...
         Mounting POSIX Message Queue File System...
[   92.370509] systemd[1]: Starting Uncomplicated firewall...
         Starting Uncomplicated firewall...
[   92.598815] systemd[1]: Mounted POSIX Message Queue File System.
[[0;32m  OK  [0m] Mounted POSIX Message Queue File System.
[   92.830347] systemd[1]: Mounted Debug File System.
[[0;32m  OK  [0m] Mounted Debug File System.
[   93.126316] systemd[1]: Mounted Huge Pages File System.
[[0;32m  OK  [0m] Mounted Huge Pages File System.
[   334400447] systedd11::SSaattddJJournal Service.
[[0;32m  OK  [0m] Started Journal Service.
[[0;32m  OK  [0m] Started Remount Root and Kernel File Systems.
[[0;32m  OK  [0m] Started Create list of required sta...ce nodes for the current kernel.
[[0;32m  OK  [0m] Started Load Kernel Modules.
[[0;32m  OK  [0m] Started Uncomplicated firewall.
[[0;32m  OK  [0m] Started Nameserver information manager.
[[0;32m  OK  [0m] Started LVM2 metadata daemon.
         Mounting FUSE Control File System...
         Starting Apply Kernel Variables...
         Starting Create Static Device Nodes in /dev...
         Starting Load/Save Random Seed...
         Starting udev Coldplug all Devices...
         Starting Flush Journal to Persistent Storage...
[[0;32m  OK  [0m] Mounted FUSE Control File System.
[[0;32m  OK  [0m] Started Monitoring of LVM2 mirrors,...ng dmeventd or progress polling.
[[0;32m  OK  [0m] Started Apply Kernel Variables.
[[0;32m  OK  [0m] Started Create Static Device Nodes in /dev.
[[0;32m  OK  [0m] Started Load/Save Random Seed.
[[0;32m  OK  [0m] Started udev Coldplug all Devices.
[[0;32m  OK  [0m] Started Flush Journal to Persistent Storage.
         Starting udev Kernel Device Manager...
[[0;32m  OK  [0m] Started udev Kernel Device Manager.
[[0;32m  OK  [0m] Found device /dev/ttyS0.
[[0;32m  OK  [0m] Listening on Load/Save RF Kill Switch Status /dev/rfkill Watch.
[[0;32m  OK  [0m] Started Dispatch Password Requests to Console Directory Watch.
[[0;32m  OK  [0m] Reached target Local File Systems (Pre).
[[0;32m  OK  [0m] Reached target Local File Systems.
         Starting LSB: AppArmor initialization...
         Starting Initial cloud-init job (pre-networking)...
         Starting Set console keymap...
         Starting Commit a transient machine-id on disk...
         Starting Tell Plymouth To Write Out Runtime Data...
         Starting Create Volatile Files and Directories...
[[0;32m  OK  [0m] Started Set console keymap.
[[0;32m  OK  [0m] Started Commit a transient machine-id on disk.
[[0;32m  OK  [0m] Started Tell Plymouth To Write Out Runtime Data.
[[0;32m  OK  [0m] Started Create Volatile Files and Directories.
[   62.651463] cloud-init[632]: Cloud-init v. 0.7.7 running 'init-local' at Fri, 08 Jul 2016 10:15:25 +0000. Up 62.36 seconds.
[[0;32m  OK  [0m] Started Initial cloud-init job (pre-networking).
[[0;32m  OK  [0m] Reached target Network (Pre).
         Starting Update UTMP about System Boot/Shutdown...
         Starting Network Time Synchronization...
[[0;32m  OK  [0m] Started Network Time Synchronization.
[[0;32m  OK  [0m] Started LSB: AppArmor initialization.
[[0;32m  OK  [0m] Started Update UTMP about System Boot/Shutdown.
[[0;32m  OK  [0m] Started ifup for enp0s3.
         Starting Raise network interfaces...
[[0;32m  OK  [0m] Reached target System Initialization.
         Starting Socket activation for snappy daemon.
[[0;32m  OK  [0m] Listening on UUID daemon activation socket.
         Starting LXD - unix socket.
[[0;32m  OK  [0m] Started ACPI Events Check.
[[0;32m  OK  [0m] Started Daily Cleanup of Temporary Directories.
[[0;32m  OK  [0m] Listening on ACPID Listen Socket.
[[0;32m  OK  [0m] Listening on D-Bus System Message Bus Socket.
[[0;32m  OK  [0m] Started Trigger resolvconf update for networkd DNS.
[[0;32m  OK  [0m] Reached target Paths.
[[0;32m  OK  [0m] Reached target System Time Synchronized.
[[0;32m  OK  [0m] Started Timer to automatically refresh installed snaps.
[[0;32m  OK  [0m] Started Daily apt activities.
[[0;32m  OK  [0m] Reached target Timers.
[[0;32m  OK  [0m] Listening on Socket activation for snappy daemon.
[[0;32m  OK  [0m] Listening on LXD - unix socket.
[[0;32m  OK  [0m] Reached target Sockets.
[[0;32m  OK  [0m] Reached target Basic System.
[[0;32m  OK  [0m] Started Deferred execution scheduler.
         Starting LXD - container startup/shutdown...
[[0;32m  OK  [0m] Started ACPI event daemon.
[[0;32m  OK  [0m] Started FUSE filesystem for LXC.
         Starting LSB: MD monitoring daemon...
[[0;32m  OK  [0m] Started D-Bus System Message Bus.
         Starting System Logging Service...
         Starting LSB: Record successful boot for GRUB...
[[0;32m  OK  [0m] Started Regular background program processing daemon.
         Starting Login Service...
         Starting Accounts Service...
[[0;32m  OK  [0m] Started Snappy daemon.
[[0;32m  OK  [0m] Started System Logging Service.
[[0;32m  OK  [0m] Started LXD - container startup/shutdown.
[[0;32m  OK  [0m] Started LSB: MD monitoring daemon.
[[0;32m  OK  [0m] Started LSB: Record successful boot for GRUB.
[[0;32m  OK  [0m] Started Raise network interfaces.
[[0;32m  OK  [0m] Started Login Service.
         Starting Initial cloud-init job (metadata service crawler)...
[[0;32m  OK  [0m] Reached target Network.
         Starting Authenticate and Authorize Users to Run Privileged Tasks...
[[0;32m  OK  [0m] Started Authenticate and Authorize Users to Run Privileged Tasks.
[[0;32m  OK  [0m] Started Accounts Service.
[   66.936903] cloud-init[997]: Cloud-init v. 0.7.7 running 'init' at Fri, 08 Jul 2016 10:15:29 +0000. Up 66.43 seconds.
[[0;32m  OK  [0m] Started Initial cloud-init job (metadata service crawler).
[   67.122752] cloud-init[997]: ci-info: ++++++++++++++++++++++++++++++++++++++Net device info++++++++++++++++++++++++++++++++++++++
[   67.360321] cloud-init[997]: ci-info: +--------+-------+----------------------------+---------------+-------+-------------------+
[   67.360548] cloud-init[997]: ci-info: | Device |   Up  |          Address           |      Mask     | Scope |     Hw-Address    |
[[0;32m  OK  [0m] Reached target Cloud-config availability.
[[   67.360642] cloud-init[997]: ci-info: +--------+-------+----------------------------+---------------+-------+-------------------+
[   67.776813] cloud-init[997]: ci-info: |   lo   |  True |         127.0.0.1          |   255.0.0.0   |   .   |         .         |
[0;32m  OK  [0m] Reached target Network is Online.
[   67.776871] cloud-init[997]: ci-info: |   lo   |  True |          ::1/128           |       .       |  host |         .         |
[   68.228304] cloud-init[997]: ci-info: | enp0s3 |  True |         10.0.2.15          | 255.255.255.0 |   .   | 02:1a:c9:9a:9d:0c |
[   68.228502] cloud-init[997]: ci-info: | enp0s3 |  True | fe80::1a:c9ff:fe9a:9d0c/64 |       .       |  link | 02:1a:c9:9a:9d:0c |
         Starting /etc/rc.local Compatibility...
[   68.228600] cloud-init[997]: ci-info: | enp0s8 | False |             .              |       .       |   .   | 08:00:27:f7:4c:5d |
[   68.804592] cloud-init[997]: ci-info: +--------+-------+----------------------------+---------------+-------+-------------------+
[   68.804820] cloud-init[997]: ci-info: +++++++++++++++++++++++++++Route IPv4 info++++++++++++++++++++++++++++
         Starting Seed the pseudo random number generator on first boot...
[   68.804904] cloud-init[997]: ci-info: +-------+-------------+----------+---------------+-----------+-------+
[   69.250496] cloud-init[997]: ci-info: | Route | Destination | Gateway  |    Genmask    | Interface | Flags |
[   69.250714] cloud-init[997]: ci-info: +-------+-------------+----------+---------------+-----------+-------+
         Starting Apply the settings specified in cloud-config...
[   69.250803] cloud-init[997]: ci-info: |   0   |   0.0.0.0   | 10.0.2.2 |    0.0.0.0    |   enp0s3  |   UG  |
         [   69.656338] Starting iSCSI initiator daemon (iscsid)...cloud-init
[997]: ci-info: |   1   |   10.0.2.0  | 0.0.0.0  | 255.255.255.0 |   enp0s3  |   U   |
[   70.169009] cloud-init[997]: ci-info: +-------+-------------+----------+---------------+-----------+-------+
[   70.169276] cloud-init[997]: Generating public/private rsa key pair.
[[0;32m  OK  [0m] Started /etc/rc.local Compatibility.
[   70.169375] cloud-init[997]: Your identification has been saved in /etc/ssh/ssh_host_rsa_key.
[   70.528270] cloud-init[997]: Your public key has been saved in /etc/ssh/ssh_host_rsa_key.pub.
[   70.528476] cloud-init[997]: The key fingerprint is:
[[0;32m  OK  [0m] Started Seed the pseudo random number generator on first boot.
[   70.528529] cloud-init[997]: SHA256:hCpfd1UCk2k4PwKKC2C5HxspElNwmLXlbs+1aF5kXhQ root@ubuntu-xenial
[   70.920365] cloud-init[997]: The key's randomart image is:
[   70.920619] cloud-init[997]: +---[RSA 2048]----+
[[0;32m  OK  [0m] Started iSCSI initiator daemon (iscsid).
[   70.920709] cloud-init[997]: |.*= .    .E+. .  |
         [   71.176417] Starting Login to default iSCSI targets...cloud-init
[997]: |*+ +  ..o +o o   |
[   71.266020] cloud-init[997]: |ooo.o....+. .    |
[[0;32m  OK  [0m] Stopped OpenBSD Secure Shell server.
[   71.318924] cloud-init[997]: |oo.=.. ...o.     |
[   71.424323] cloud-init[997]: |..+.B . S.o.     |
[   71.468329] cloud-init[997]: |  .* + B +       |
[   71.468577] cloud-init[997]: |    . = +        |
         Starting OpenBSD Secure Shell server...
[   71.468677] cloud-init[997]: |     o .         |
[   71.668359] cloud-init[997]: |      .          |
[   71.668627] cloud-init[997]: +----[SHA256]-----+
[[0;32m  OK  [0m] Started OpenBSD Secure Shell server.
[   71.668716] cloud-init[997]: Generating public/private dsa key pair.
[   71.956997] cloud-init[997]: Your identification has been saved in /etc/ssh/ssh_host_dsa_key.
[   71.957258] cloud-init[997]: Your public key has been saved in /etc/ssh/ssh_host_dsa_key.pub.
[[0;32m  OK  [0m] Started Login to default iSCSI targets.
[   71.957396] cloud-init[997]: The key fingerprint is:
[   72.283911] cloud-init[997]: SHA256:yX0TdGqugrEkGMtxUIc8BryMvSBfR1sWAqIiA6rjBaY root@ubuntu-xenial
[   72.287097] cloud-init[997]: The key's randomart image is:
[   72.287487] cloud-init[997]: +---[DSA 1024]----+
[   72.290105] cloud-init[997]: |..++ooo ..  . .  |
[   72.291147] cloud-init[997]: |o..o=...o  . o   |
[[0;32m  OK  [0m] Started Apply the settings specified in cloud-config.
[   72.295968] cloud-init[997]: |**oo.o +    +    |
[   72.484312] cloud-init[997]: |Xo=*. o. o o .   |
[   72.484485] cloud-init[997]: |Eo++..o S . +    |
         Starting Execute cloud user/final scripts...
[[   72.484593] cloud-init[997]: |..+  o +   o .   |
[0;32m  OK  [0m] Reached target Remote File Systems (Pre).
[[   72.651677] cloud-init[997]: | .    o . .      |
[0;32m  OK  [0m] Reached target Remote File Systems.
[   72.757582] cloud-init[997]: |         .       |
         Starting LSB: Set the CPU Frequency Scaling governor to "ondemand"...ci-info: no authorized ssh keys fingerprints found for user ubuntu.

[   72.938962] cloud-init[997]: |                 |
[   73.097806] cloud-init[997]: +----[SHA256]-----+
         Starting LSB: automatic crash report generation...
[   73.097866] cloud-init[997]: Generating public/private ecdsa key pair.
[   73.127774] cloud-init[997]: Your identification has been saved in /etc/ssh/ssh_host_ecdsa_key.
[   73.130543] cloud-init[997]: Your public key has been saved in /etc/ssh/ssh_host_ecdsa_key.pub.
[   73.133433] cloud-init[997]: The key fingerprint is:
[   73.135180] cloud-init[997]: SHA256:tL9x6odkf/nf4GW/+BMJBHXTVD4u2/0cVllKZJ90G7k root@ubuntu-xenial
[   73.141527] cloud-init[997]: The key's randomart image is:
[   73.216320] cloud-init[997]: +---[ECDSA 256]---+
[   73.216593] cloud-init[997]: |           .o.o*B|
         Starting Permit User Sessions...
<14>Jul  8 10:15:35 ec2: 
<14>Jul  8 10:15:35 ec2: #############################################################
<14>Jul  8 10:15:35 ec2: -----BEGIN SSH HOST KEY FINGERPRINTS-----
<14>Jul  8 10:15:35 ec2: 1024 SHA256:yX0TdGqugrEkGMtxUIc8BryMvSBfR1sWAqIiA6rjBaY root@ubuntu-xenial (DSA)
<14>Jul  8 10:15:35 ec2: 256 SHA256:tL9x6odkf/nf4GW/+BMJBHXTVD4u2/0cVllKZJ90G7k root@ubuntu-xenial (ECDSA)
<14>Jul  8 10:15:35 ec2: 256 SHA256:B39GPGBZatdCbCX+DafSzMSqWxq2bldwTKAlu/EB060 root@ubuntu-xenial (ED25519)
<14>Jul  8 10:15:35 ec2: 2048 SHA256:hCpfd1UCk2k4PwKKC2C5HxspElNwmLXlbs+1aF5kXhQ root@ubuntu-xenial (RSA)
<14>Jul  8 10:15:35 ec2: -----END SSH HOST KEY FINGERPRINTS-----
<14>Jul  8 10:15:35 ec2: #############################################################
-----BEGIN SSH HOST KEY KEYS-----
ecdsa-sha2-nistp256 AAAAE2VjZHNhLXNoYTItbmlzdHAyNTYAAAAIbmlzdHAyNTYAAABBBDQJ0TRTfabGJsPf07AYxvCIqxnXlu/7A7FlpIabdNkGo7lvGMicjwV2DrpFzPK66nIHkooodpyklBRHKrb9FHE= root@ubuntu-xenial
ssh-ed25519 AAAAC3NzaC1lZDI1NTE5AAAAIN+IdQOdDsWuXfaUGQYochdY/9G4pCWTKQix3054Tt0n root@ubuntu-xenial
ssh-rsa AAAAB3NzaC1yc2EAAAADAQABAAABAQDF/RYaBoZwV0H6INrHkrPz9U8eBh3lbMrJeffS54UtOA5qvYOPFm+lcUjOxTzw5Fsk1GmE6pJmHdkVTnazqV4IprIt6fDXNrybXhmvpY9ewyHurSPYUqp9Jm8bnNPhygchBBDVP7uKxUDn2UPpsZNa7eoPeHXFWCZGiFmXiyAy3IvvBo3XIojUSjBQMJcsTRVH+iZhGdaa8w6xuFT3gQ0qS/1q0Kw8vYRTl4LMq8J1L19nb0TkqK8Z6wy5SkBsu6FPz2pdyM8ED5nB6R24Bray52b9OhVqia0c8XkT/oE0HlNE58y/wxWPDlLHd37wrVWnAhZwCgZDC0sNKcOSwlXL root@ubuntu-xenial
-----END SSH HOST KEY KEYS-----
         Starting LSB: daemon to balance interrupts for SMP systems...
[[0;32m  OK  [0m] Started Execute cloud user/final scripts.
[   73.216673] cloud-init[997]: |             +o+B|
[   75.428525] [cloud-init[0;32m  OK  [0m[997]: ] |        .   . .+=|Started Permit User Sessions.

[   75.428956] cloud-init[997]: |       . .   o.E+|
[   75.592514] [cloud-init[0;32m  OK  [0m[997]: ] |        S    .ooo|Started LSB: Set the CPU Frequency Scaling governor to "ondemand".

[   75.592765] cloud-init[997]: |         .o   +oo|
[   75.784425] [cloud-init[0;32m  OK  [0m[997]: ] |         ooo...==|Created slice User Slice of ubuntu.

[   75.784765] cloud-init[997]: |          .=o.=*=|
[   75.936364] cloud-init[997]: |         .+. oo+@|
[   75.996326] cloud-init[997]: +----[SHA256]-----+
[   76.048206] cloud-init[997]: Generating public/private ed25519 key pair.
[   76.124257] cloud-init[997]: Your identification has been saved in /etc/ssh/ssh_host_ed25519_key.
[   76.216434] cloud-init[997]: Your public key has been saved in /etc/ssh/ssh_host_ed25519_key.pub.
[   76.312457] cloud-init[997]: The key fingerprint is:
[   76.372413] cloud-init[997]: SHA256:B39GPGBZatdCbCX+DafSzMSqWxq2bldwTKAlu/EB060 root@ubuntu-xenial
[   76.476447] cloud-init[997]: The key's randomart image is:
[   76.532293] cloud-init[997]: +--[ED25519 256]--+
[   76.588379] cloud-init[997]: |          *=*+.  |
[   76.640359] cloud-init[997]: |         ..&++o  |
[   76.696397] cloud-init[997]: |        . *.O+= .|
         Starting User Manager for UID 1000...
[   76.751185] cloud-init[997]: |         + *E@o= |
[   76.848376] cloud-init[997]: |        S + *o* .|
[   76.900256] cloud-init[997]: |         . + ..  |
[   76.952398] cloud-init[997]: |          + ..   |
[   77.008433] cloud-init[997]: |         ..*.    |
[[0;32m  OK  [0m] Started Session 1 of user ubuntu.
[   77.008899] cloud-init[997]: |         o=.     |
[   77.196433] cloud-init[997]: +----[SHA256]-----+
         Starting Hold until boot process finishes up...
[   77.197633] cloud-init[1129]: Generating locales (this might take a while)...
[   77.396437] cloud-init[1129]:   en_US.UTF-8... done
[   77.396604] cloud-init[1129]: Generation complete.
         Starting Terminate Plymouth Boot Screen...
[[   77.396681] cloud-init[1129]: Cloud-init v. 0.7.7 running 'modules:config' at Fri, 08 Jul 2016 10:15:32 +0000. Up 69.42 seconds.
[0;32m  OK  [0m] Reached target Cloud-init target.
[   77.602403] cloud-init[1221]: Cloud-init v. 0.7.7 running 'modules:final' at Fri, 08 Jul 2016 10:15:35 +0000. Up 72.71 seconds.
[   77.948435] cloud-init[1221]: ci-info: no authorized ssh keys fingerprints found for user ubuntu.
[   77.948583] cloud-init[1221]: Cloud-init v. 0.7.7 finished at Fri, 08 Jul 2016 10:15:37 +0000. Datasource DataSourceNoCloudNet [seed=/dev/sdb][dsmode=net].  Up 75.15 seconds
[[0;32m  OK  [0m] Started User Manager for UID 1000.
[[0;32m  OK  [0m] Started LSB: automatic crash report generation.
[[0;32m  OK  [0m] Started LSB: daemon to balance interrupts for SMP systems.
[[0;32m  OK  [0m] Started Hold until boot process finishes up.
[[0;32m  OK  [0m] Started Terminate Plymouth Boot Screen.
[[0;32m  OK  [0m] Started Serial Getty on ttyS0.
[[0;32m  OK  [0m] Started Getty on tty1.
[[0;32m  OK  [0m] Reached target Login Prompts.
[[0;32m  OK  [0m] Reached target Multi-User System.
[[0;32m  OK  [0m] Reached target Graphical Interface.
         Starting Update UTMP about System Runlevel Changes...
[[0;32m  OK  [0m] Started Update UTMP about System Runlevel Changes.

Ubuntu 16.04 LTS ubuntu-xenial ttyS0

ubuntu-xenial login: 